2025-06-19 18:25:16.700 Python[58115:123188908] IOPMScheduleUserActivityLevelNotification returned 0
2025-06-19 18:25:16.701 Python[58115:123188908] IOPMScheduleUserActivityLevelNotification returned 0
2025-06-19 18:25:16.739 Python[58115:123188908] +[NSXPCSharedListener endpointForReply:withListenerName:replyErrorCode:]: an error occurred while attempting to obtain endpoint for listener 'ClientCallsAuxiliary': Connection invalid
2025-06-19 18:25:34.884 Python[58115:123188908] +[IMKClient subclass]: chose IMKClient_Modern
2025-06-19 18:25:38.488 Python[58115:123189441] Connection Invalid error for service com.apple.hiservices-xpcservice.
2025-06-19 18:25:38.488 Python[58115:123188994] Error received in message reply handler: Connection invalid
2025-06-19 18:25:38.493 Python[58115:123188908] +[IMKInputSession subclass]: chose IMKInputSession_Modern
2025-06-19 18:25:38.518 Python[58115:123188994] Error received in message reply handler: Connection invalid
2025-06-19 18:25:38.520 Python[58115:123188994] +[NSXPCSharedListener endpointForReply:withListenerName:replyErrorCode:]: an error occurred while attempting to obtain endpoint for listener 'com.apple.view-bridge': Connection invalid
2025-06-19 18:25:41.129 Python[58115:123188975] Error received in message reply handler: Connection invalid
2025-06-19 18:25:41.168 Python[58115:123188975] Error received in message reply handler: Connection invalid
2025-06-19 18:25:41.719 Python[58115:123188975] Error received in message reply handler: Connection invalid
2025-06-19 18:25:41.721 Python[58115:123188975] Error received in message reply handler: Connection invalid
2025-06-19 18:25:41.728 Python[58115:123189441] Error received in message reply handler: Connection invalid
2025-06-19 18:25:41.761 Python[58115:123189441] Error received in message reply handler: Connection invalid
2025-06-19 18:25:45.658 Python[58115:123188994] Error received in message reply handler: Connection invalid
2025-06-19 18:25:45.672 Python[58115:123188994] Error received in message reply handler: Connection invalid
2025-06-19 18:26:05.138 Python[58115:123190693] Error received in message reply handler: Connection invalid
2025-06-19 18:26:05.144 Python[58115:123190692] Error received in message reply handler: Connection invalid
2025-06-19 18:26:05.164 Python[58115:123190692] Error received in message reply handler: Connection invalid
2025-06-19 18:26:05.171 Python[58115:123189689] Error received in message reply handler: Connection invalid
2025-06-19 18:26:05.168 Python[58115:123190693] Error received in message reply handler: Connection invalid
2025-06-19 18:26:05.620 Python[58115:123190692] Error received in message reply handler: Connection invalid
2025-06-19 18:26:05.627 Python[58115:123190692] Error received in message reply handler: Connection invalid
2025-06-19 18:26:05.635 Python[58115:123190124] Error received in message reply handler: Connection invalid
2025-06-19 18:26:05.632 Python[58115:123190693] Error received in message reply handler: Connection invalid
2025-06-19 18:26:08.086 Python[58115:123190693] Error received in message reply handler: Connection invalid
2025-06-19 18:26:08.102 Python[58115:123190693] Error received in message reply handler: Connection invalid
